[debug] [2025-02-19T13:41:20.038Z] ----------------------------------------------------------------------
[debug] [2025-02-19T13:41:20.043Z] Command:       C:\Program Files\nodejs\node.exe C:\Users\udays\AppData\Roaming\npm\node_modules\firebase-tools\lib\bin\firebase.js init
[debug] [2025-02-19T13:41:20.044Z] CLI Version:   13.31.1
[debug] [2025-02-19T13:41:20.044Z] Platform:      win32
[debug] [2025-02-19T13:41:20.044Z] Node Version:  v22.12.0
[debug] [2025-02-19T13:41:20.045Z] Time:          Wed Feb 19 2025 19:11:20 GMT+0530 (India Standard Time)
[debug] [2025-02-19T13:41:20.045Z] ----------------------------------------------------------------------
[debug] 
[debug] [2025-02-19T13:41:20.462Z] > command requires scopes: ["email","openid","https://www.googleapis.com/auth/cloudplatformprojects.readonly","https://www.googleapis.com/auth/firebase","https://www.googleapis.com/auth/cloud-platform"]
[debug] [2025-02-19T13:41:20.464Z] > authorizing via signed-in user (udaysai933@gmail.com)
[info] 
     ######## #### ########  ######## ########     ###     ######  ########
     ##        ##  ##     ## ##       ##     ##  ##   ##  ##       ##
     ######    ##  ########  ######   ########  #########  ######  ######
     ##        ##  ##    ##  ##       ##     ## ##     ##       ## ##
     ##       #### ##     ## ######## ########  ##     ##  ######  ########

You're about to initialize a Firebase project in this directory:

  C:\Users\udays\Downloads\Trezo

Before we get started, keep in mind:

  * You are initializing within an existing Firebase project directory

